<?xml version="1.0" encoding="UTF-8" standalone="yes"?><!DOCTYPE report PUBLIC "-//JACOCO//DTD Report 1.1//EN" "report.dtd">
<report name="acceptance-tests">
  <sessioninfo id="app-main-v1.2966-lrqc6-xgjj4-55beb62c" start="1716934430700" dump="1716934438805"/>
  <package name="com/company/domain/outbox/entities">
    <class name="com/company/domain/outbox/entities/OutboxEntity" sourcefilename="OutboxEntity.kt">
      <method name="&lt;init&gt;" desc="()V" line="43">
        <counter type="INSTRUCTION" missed="0" covered="3"/>
        <counter type="LINE" missed="0" covered="2"/>
        <counter type="COMPLEXITY" missed="0" covered="1"/>
        <counter type="METHOD" missed="0" covered="1"/>
      </method>
      <method name="getEventId" desc="()Ljava/util/UUID;" line="55">
        <counter type="INSTRUCTION" missed="5" covered="5"/>
        <counter type="BRANCH" missed="1" covered="1"/>
        <counter type="LINE" missed="0" covered="1"/>
        <counter type="COMPLEXITY" missed="1" covered="1"/>
        <counter type="METHOD" missed="0" covered="1"/>
      </method>
      <method name="setEventId" desc="(Ljava/util/UUID;)V" line="55">
        <counter type="INSTRUCTION" missed="7" covered="0"/>
        <counter type="LINE" missed="1" covered="0"/>
        <counter type="COMPLEXITY" missed="1" covered="0"/>
        <counter type="METHOD" missed="1" covered="0"/>
      </method>
      <method name="getTopic" desc="()Ljava/lang/String;" line="58">
        <counter type="INSTRUCTION" missed="0" covered="3"/>
        <counter type="LINE" missed="0" covered="1"/>
        <counter type="COMPLEXITY" missed="0" covered="1"/>
        <counter type="METHOD" missed="0" covered="1"/>
      </method>
      <method name="setTopic" desc="(Ljava/lang/String;)V" line="58">
        <counter type="INSTRUCTION" missed="0" covered="4"/>
        <counter type="LINE" missed="0" covered="1"/>
        <counter type="COMPLEXITY" missed="0" covered="1"/>
        <counter type="METHOD" missed="0" covered="1"/>
      </method>
      <method name="getPartitionKey" desc="()Ljava/lang/String;" line="61">
        <counter type="INSTRUCTION" missed="0" covered="3"/>
        <counter type="LINE" missed="0" covered="1"/>
        <counter type="COMPLEXITY" missed="0" covered="1"/>
        <counter type="METHOD" missed="0" covered="1"/>
      </method>
      <method name="setPartitionKey" desc="(Ljava/lang/String;)V" line="61">
        <counter type="INSTRUCTION" missed="0" covered="4"/>
        <counter type="LINE" missed="0" covered="1"/>
        <counter type="COMPLEXITY" missed="0" covered="1"/>
        <counter type="METHOD" missed="0" covered="1"/>
      </method>
      <method name="getVersion" desc="()Ljava/lang/Integer;" line="64">
        <counter type="INSTRUCTION" missed="3" covered="0"/>
        <counter type="LINE" missed="1" covered="0"/>
        <counter type="COMPLEXITY" missed="1" covered="0"/>
        <counter type="METHOD" missed="1" covered="0"/>
      </method>
      <method name="setVersion" desc="(Ljava/lang/Integer;)V" line="64">
        <counter type="INSTRUCTION" missed="0" covered="4"/>
        <counter type="LINE" missed="0" covered="1"/>
        <counter type="COMPLEXITY" missed="0" covered="1"/>
        <counter type="METHOD" missed="0" covered="1"/>
      </method>
      <method name="getUtcTime" desc="()Ljava/sql/Timestamp;" line="68">
        <counter type="INSTRUCTION" missed="3" covered="0"/>
        <counter type="LINE" missed="1" covered="0"/>
        <counter type="COMPLEXITY" missed="1" covered="0"/>
        <counter type="METHOD" missed="1" covered="0"/>
      </method>
      <method name="setUtcTime" desc="(Ljava/sql/Timestamp;)V" line="68">
        <counter type="INSTRUCTION" missed="0" covered="4"/>
        <counter type="LINE" missed="0" covered="1"/>
        <counter type="COMPLEXITY" missed="0" covered="1"/>
        <counter type="METHOD" missed="0" covered="1"/>
      </method>
      <method name="getRegion" desc="()Ljava/lang/String;" line="71">
        <counter type="INSTRUCTION" missed="3" covered="0"/>
        <counter type="LINE" missed="1" covered="0"/>
        <counter type="COMPLEXITY" missed="1" covered="0"/>
        <counter type="METHOD" missed="1" covered="0"/>
      </method>
      <method name="setRegion" desc="(Ljava/lang/String;)V" line="71">
        <counter type="INSTRUCTION" missed="0" covered="4"/>
        <counter type="LINE" missed="0" covered="1"/>
        <counter type="COMPLEXITY" missed="0" covered="1"/>
        <counter type="METHOD" missed="0" covered="1"/>
      </method>
      <method name="getHeaders" desc="()Lcom/company/domain/outbox/extensions/DomainEventHeaders;" line="75">
        <counter type="INSTRUCTION" missed="0" covered="3"/>
        <counter type="LINE" missed="0" covered="1"/>
        <counter type="COMPLEXITY" missed="0" covered="1"/>
        <counter type="METHOD" missed="0" covered="1"/>
      </method>
      <method name="setHeaders" desc="(Lcom/company/domain/outbox/extensions/DomainEventHeaders;)V" line="75">
        <counter type="INSTRUCTION" missed="0" covered="4"/>
        <counter type="LINE" missed="0" covered="1"/>
        <counter type="COMPLEXITY" missed="0" covered="1"/>
        <counter type="METHOD" missed="0" covered="1"/>
      </method>
      <method name="getPayload" desc="()Ljava/lang/String;" line="79">
        <counter type="INSTRUCTION" missed="0" covered="3"/>
        <counter type="LINE" missed="0" covered="1"/>
        <counter type="COMPLEXITY" missed="0" covered="1"/>
        <counter type="METHOD" missed="0" covered="1"/>
      </method>
      <method name="setPayload" desc="(Ljava/lang/String;)V" line="79">
        <counter type="INSTRUCTION" missed="0" covered="4"/>
        <counter type="LINE" missed="0" covered="1"/>
        <counter type="COMPLEXITY" missed="0" covered="1"/>
        <counter type="METHOD" missed="0" covered="1"/>
      </method>
      <method name="toString" desc="()Ljava/lang/String;" line="81">
        <counter type="INSTRUCTION" missed="18" covered="0"/>
        <counter type="LINE" missed="1" covered="0"/>
        <counter type="COMPLEXITY" missed="1" covered="0"/>
        <counter type="METHOD" missed="1" covered="0"/>
      </method>
      <method name="getId" desc="()Ljava/util/UUID;" line="85">
        <counter type="INSTRUCTION" missed="3" covered="0"/>
        <counter type="LINE" missed="1" covered="0"/>
        <counter type="COMPLEXITY" missed="1" covered="0"/>
        <counter type="METHOD" missed="1" covered="0"/>
      </method>
      <method name="isNew" desc="()Z" line="92">
        <counter type="INSTRUCTION" missed="0" covered="2"/>
        <counter type="LINE" missed="0" covered="1"/>
        <counter type="COMPLEXITY" missed="0" covered="1"/>
        <counter type="METHOD" missed="0" covered="1"/>
      </method>
      <counter type="INSTRUCTION" missed="42" covered="50"/>
      <counter type="BRANCH" missed="1" covered="1"/>
      <counter type="LINE" missed="2" covered="11"/>
      <counter type="COMPLEXITY" missed="7" covered="14"/>
      <counter type="METHOD" missed="6" covered="14"/>
      <counter type="CLASS" missed="0" covered="1"/>
    </class>
    <sourcefile name="OutboxEntity.kt">
      <line nr="43" mi="0" ci="2" mb="0" cb="0"/>
      <line nr="46" mi="0" ci="1" mb="0" cb="0"/>
      <line nr="55" mi="9" ci="5" mb="1" cb="1"/>
      <line nr="58" mi="0" ci="7" mb="0" cb="0"/>
      <line nr="61" mi="0" ci="7" mb="0" cb="0"/>
      <line nr="64" mi="3" ci="4" mb="0" cb="0"/>
      <line nr="68" mi="3" ci="4" mb="0" cb="0"/>
      <line nr="71" mi="3" ci="4" mb="0" cb="0"/>
      <line nr="75" mi="0" ci="7" mb="0" cb="0"/>
      <line nr="79" mi="0" ci="7" mb="0" cb="0"/>
      <line nr="81" mi="18" ci="0" mb="0" cb="0"/>
      <line nr="85" mi="3" ci="0" mb="0" cb="0"/>
      <line nr="92" mi="0" ci="2" mb="0" cb="0"/>
      <counter type="INSTRUCTION" missed="42" covered="50"/>
      <counter type="BRANCH" missed="1" covered="1"/>
      <counter type="LINE" missed="2" covered="11"/>
      <counter type="COMPLEXITY" missed="7" covered="14"/>
      <counter type="METHOD" missed="6" covered="14"/>
      <counter type="CLASS" missed="0" covered="1"/>
    </sourcefile>
    <counter type="INSTRUCTION" missed="42" covered="50"/>
    <counter type="BRANCH" missed="1" covered="1"/>
    <counter type="LINE" missed="2" covered="11"/>
    <counter type="COMPLEXITY" missed="7" covered="14"/>
    <counter type="METHOD" missed="6" covered="14"/>
    <counter type="CLASS" missed="0" covered="1"/>
  </package>
  <counter type="INSTRUCTION" missed="9275" covered="67705"/>
  <counter type="BRANCH" missed="1478" covered="2599"/>
  <counter type="LINE" missed="1842" covered="10406"/>
  <counter type="COMPLEXITY" missed="1859" covered="3090"/>
  <counter type="METHOD" missed="548" covered="2349"/>
  <counter type="CLASS" missed="95" covered="523"/>
</report>
