<?xml version='1.0'?> 
<!DOCTYPE coverage SYSTEM "http://cobertura.sourceforge.net/xml/coverage-04.dtd">
<!-- Generated by simplecov-cobertura version 2.1.0 (https://github.com/dashingrocket/simplecov-cobertura) -->
<coverage line-rate="1.0" lines-covered="16" lines-valid="16" complexity="0" version="0" timestamp="1717413680">
  <sources>
    <source>/var/lib/buildmaster/grape-api/current/gems/foobar</source>
  </sources>
  <packages>
    <package name="Lib &amp; gems" line-rate="1.0" complexity="0">
      <classes>
        <class name="foobar" filename="lib/foobar.rb" line-rate="1.0" complexity="0">
          <methods/>
          <lines>
            <line number="1" hits="1"/>
            <line number="2" hits="1"/>
          </lines>
        </class>
        <class name="my_class" filename="lib/foobar/bar/my_class.rb" line-rate="1.0" complexity="0">
          <methods/>
          <lines>
            <line number="1" hits="1"/>
            <line number="2" hits="1"/>
            <line number="3" hits="1"/>
            <line number="4" hits="1"/>
            <line number="5" hits="1"/>
            <line number="8" hits="1"/>
            <line number="9" hits="1"/>
          </lines>
        </class>
        <class name="my_class" filename="lib/foobar/baz/my_class.rb" line-rate="1.0" complexity="0">
          <methods/>
          <lines>
            <line number="1" hits="1"/>
            <line number="2" hits="1"/>
            <line number="3" hits="1"/>
            <line number="4" hits="1"/>
            <line number="5" hits="1"/>
            <line number="8" hits="1"/>
            <line number="9" hits="1"/>
          </lines>
        </class>
      </classes>
    </package>
  </packages>
</coverage>