<?xml version="1.0" ?>
<!DOCTYPE coverage SYSTEM "http://cobertura.sourceforge.net/xml/coverage-04.dtd">
<coverage lines-valid="29" lines-covered="27" line-rate="0.9309999999999999" branches-valid="2" branches-covered="2" branch-rate="1" timestamp="1680392774613" complexity="0" version="0.1">
  <sources>
    <source>/var/jenkins_home/workspace/ts_shields.io-badge-results_PR-5/PR-5-1</source>
  </sources>
  <packages>
    <package name="main" line-rate="0.9309999999999999" branch-rate="1">
      <classes>
        <class name="args.ts" filename="src/args.ts" line-rate="1" branch-rate="1">
          <methods>
            <method name="(anonymous_8)" hits="8" signature="()V">
              <lines>
                <line number="15" hits="8"/>
              </lines>
            </method>
          </methods>
          <lines>
            <line number="1" hits="3" branch="false"/>
            <line number="2" hits="3" branch="false"/>
            <line number="4" hits="3" branch="false"/>
            <line number="14" hits="3" branch="false"/>
            <line number="16" hits="8" branch="false"/>
            <line number="53" hits="8" branch="false"/>
          </lines>
        </class>
        <class name="badge-result.ts" filename="src/badge-result.ts" line-rate="1" branch-rate="1">
          <methods>
            <method name="(anonymous_8)" hits="1" signature="()V">
              <lines>
                <line number="7" hits="1"/>
              </lines>
            </method>
          </methods>
          <lines>
            <line number="1" hits="2" branch="false"/>
            <line number="2" hits="2" branch="false"/>
            <line number="6" hits="2" branch="false"/>
            <line number="8" hits="1" branch="false"/>
            <line number="9" hits="1" branch="false"/>
            <line number="10" hits="1" branch="false"/>
          </lines>
        </class>
        <class name="colors.ts" filename="src/colors.ts" line-rate="1" branch-rate="1">
          <methods>
            <method name="(anonymous_0)" hits="3" signature="()V">
              <lines>
                <line number="1" hits="3"/>
              </lines>
            </method>
          </methods>
          <lines>
            <line number="1" hits="3" branch="true" condition-coverage="100% (2/2)"/>
            <line number="2" hits="3" branch="false"/>
            <line number="3" hits="3" branch="false"/>
            <line number="4" hits="3" branch="false"/>
            <line number="5" hits="3" branch="false"/>
            <line number="6" hits="3" branch="false"/>
            <line number="7" hits="3" branch="false"/>
            <line number="8" hits="3" branch="false"/>
            <line number="9" hits="3" branch="false"/>
            <line number="12" hits="3" branch="false"/>
          </lines>
        </class>
        <class name="index.ts" filename="src/index.ts" line-rate="0.7142000000000001" branch-rate="1">
          <methods>
            <method name="(anonymous_8)" hits="1" signature="()V">
              <lines>
                <line number="5" hits="1"/>
              </lines>
            </method>
            <method name="(anonymous_9)" hits="1" signature="()V">
              <lines>
                <line number="5" hits="1"/>
              </lines>
            </method>
          </methods>
          <lines>
            <line number="1" hits="1" branch="false"/>
            <line number="2" hits="1" branch="false"/>
            <line number="5" hits="1" branch="false"/>
            <line number="6" hits="1" branch="false"/>
            <line number="7" hits="1" branch="false"/>
            <line number="9" hits="0" branch="false"/>
            <line number="10" hits="0" branch="false"/>
          </lines>
        </class>
      </classes>
    </package>
  </packages>
</coverage>
