<?xml version="1.0" ?>
<!DOCTYPE coverage SYSTEM "http://cobertura.sourceforge.net/xml/coverage-04.dtd">
<coverage lines-valid="3" lines-covered="1" line-rate="0.3333" branches-valid="3" branches-covered="0" branch-rate="0.0" timestamp="1710203429645" complexity="0" version="0.1">
  <sources>
    <source>/var/lib/jenkins/workspace/feature_DMAS-79190-cypress-split</source>
  </sources>
  <packages>
    <package name="domain.AppComponents.Dashboard" line-rate="0.3333" branch-rate="0">
      <classes>
        <class name="DataPlayerWidget.tsx" filename="src/domain/AppComponents/Dashboard/DataPlayerWidget.tsx" line-rate="0.3333" branch-rate="0">
          <methods>
            <method name="(anonymous_0)" signature="()V" line-rate="0" branch-rate="0">
              <lines>
                <line number="25" hits="0"/>
              </lines>
            </method>
          </methods>
          <lines>
            <line number="25" hits="5" branch="false"/>
            <line number="39" hits="0" branch="true" condition-coverage="0% (0/3)"/>
            <line number="40" hits="0" branch="false"/>
          </lines>
        </class>
      </classes>
    </package>
  </packages>
</coverage>
