<?xml version="1.0" encoding="UTF-8" standalone="yes"?><!DOCTYPE report PUBLIC "-//JACOCO//DTD Report 1.1//EN"
        "report.dtd">
<report name="Java coding style">
  <sessioninfo id="Ullis-MBP-4.fritz.box-10de2bc5" start="1625931527713" dump="1625931553652"/>
  <package name="edu/hm/hafner/util">
    <class name="edu/hm/hafner/util/NoSuchElementException" sourcefilename="NoSuchElementException.java">
      <method name="&lt;init&gt;" desc="(Ljava/lang/String;[Ljava/lang/Object;)V" line="36">
        <counter type="INSTRUCTION" missed="6" covered="0"/>
        <counter type="LINE" missed="2" covered="0"/>
        <counter type="COMPLEXITY" missed="1" covered="0"/>
        <counter type="METHOD" missed="1" covered="0"/>
      </method>
      <counter type="INSTRUCTION" missed="6" covered="0"/>
      <counter type="LINE" missed="2" covered="0"/>
      <counter type="COMPLEXITY" missed="1" covered="0"/>
      <counter type="METHOD" missed="1" covered="0"/>
      <counter type="CLASS" missed="1" covered="0"/>
    </class>
    <class name="edu/hm/hafner/util/TreeStringBuilder" sourcefilename="TreeStringBuilder.java">
      <method name="&lt;init&gt;" desc="()V" line="19">
        <counter type="INSTRUCTION" missed="0" covered="11"/>
        <counter type="LINE" missed="0" covered="2"/>
        <counter type="COMPLEXITY" missed="0" covered="1"/>
        <counter type="METHOD" missed="0" covered="1"/>
      </method>
      <method name="intern" desc="(Ljava/lang/String;)Ledu/hm/hafner/util/TreeString;" line="31">
        <counter type="INSTRUCTION" missed="0" covered="6"/>
        <counter type="LINE" missed="0" covered="1"/>
        <counter type="COMPLEXITY" missed="0" covered="1"/>
        <counter type="METHOD" missed="0" covered="1"/>
      </method>
      <method name="intern" desc="(Ledu/hm/hafner/util/TreeString;)Ledu/hm/hafner/util/TreeString;" line="43">
        <counter type="INSTRUCTION" missed="0" covered="7"/>
        <counter type="LINE" missed="0" covered="1"/>
        <counter type="COMPLEXITY" missed="0" covered="1"/>
        <counter type="METHOD" missed="0" covered="1"/>
      </method>
      <method name="dedup" desc="()V" line="50">
        <counter type="INSTRUCTION" missed="0" covered="7"/>
        <counter type="LINE" missed="0" covered="2"/>
        <counter type="COMPLEXITY" missed="0" covered="1"/>
        <counter type="METHOD" missed="0" covered="1"/>
      </method>
      <method name="getRoot" desc="()Ledu/hm/hafner/util/TreeStringBuilder$Child;" line="57">
        <counter type="INSTRUCTION" missed="0" covered="3"/>
        <counter type="LINE" missed="0" covered="1"/>
        <counter type="COMPLEXITY" missed="0" covered="1"/>
        <counter type="METHOD" missed="0" covered="1"/>
      </method>
      <method name="setRoot" desc="(Ledu/hm/hafner/util/TreeStringBuilder$Child;)V" line="61">
        <counter type="INSTRUCTION" missed="4" covered="0"/>
        <counter type="LINE" missed="2" covered="0"/>
        <counter type="COMPLEXITY" missed="1" covered="0"/>
        <counter type="METHOD" missed="1" covered="0"/>
      </method>
      <method name="&lt;clinit&gt;" desc="()V" line="54">
        <counter type="INSTRUCTION" missed="0" covered="3"/>
        <counter type="LINE" missed="0" covered="1"/>
        <counter type="COMPLEXITY" missed="0" covered="1"/>
        <counter type="METHOD" missed="0" covered="1"/>
      </method>
      <counter type="INSTRUCTION" missed="4" covered="37"/>
      <counter type="LINE" missed="2" covered="8"/>
      <counter type="COMPLEXITY" missed="1" covered="6"/>
      <counter type="METHOD" missed="1" covered="6"/>
      <counter type="CLASS" missed="0" covered="1"/>
    </class>
    <class name="edu/hm/hafner/util/TreeStringBuilder$Child" sourcefilename="TreeStringBuilder.java">
      <method name="&lt;init&gt;" desc="(Ledu/hm/hafner/util/TreeString;)V" line="70">
        <counter type="INSTRUCTION" missed="0" covered="9"/>
        <counter type="LINE" missed="0" covered="4"/>
        <counter type="COMPLEXITY" missed="0" covered="1"/>
        <counter type="METHOD" missed="0" covered="1"/>
      </method>
      <method name="intern" desc="(Ljava/lang/String;)Ledu/hm/hafner/util/TreeStringBuilder$Child;" line="85">
        <counter type="INSTRUCTION" missed="0" covered="100"/>
        <counter type="BRANCH" missed="1" covered="9"/>
        <counter type="LINE" missed="0" covered="20"/>
        <counter type="COMPLEXITY" missed="1" covered="5"/>
        <counter type="METHOD" missed="0" covered="1"/>
      </method>
      <method name="makeWritable" desc="()V" line="125">
        <counter type="INSTRUCTION" missed="0" covered="10"/>
        <counter type="BRANCH" missed="0" covered="2"/>
        <counter type="LINE" missed="0" covered="3"/>
        <counter type="COMPLEXITY" missed="0" covered="2"/>
        <counter type="METHOD" missed="0" covered="1"/>
      </method>
      <method name="split" desc="(Ljava/lang/String;)Ledu/hm/hafner/util/TreeStringBuilder$Child;" line="140">
        <counter type="INSTRUCTION" missed="0" covered="25"/>
        <counter type="LINE" missed="0" covered="5"/>
        <counter type="COMPLEXITY" missed="0" covered="1"/>
        <counter type="METHOD" missed="0" covered="1"/>
      </method>
      <method name="commonPrefix" desc="(Ljava/lang/String;Ljava/lang/String;)I" line="160">
        <counter type="INSTRUCTION" missed="0" covered="24"/>
        <counter type="BRANCH" missed="0" covered="4"/>
        <counter type="LINE" missed="0" covered="5"/>
        <counter type="COMPLEXITY" missed="0" covered="3"/>
        <counter type="METHOD" missed="0" covered="1"/>
      </method>
      <method name="dedup" desc="(Ljava/util/Map;)V" line="177">
        <counter type="INSTRUCTION" missed="0" covered="21"/>
        <counter type="BRANCH" missed="0" covered="2"/>
        <counter type="LINE" missed="0" covered="5"/>
        <counter type="COMPLEXITY" missed="0" covered="2"/>
        <counter type="METHOD" missed="0" covered="1"/>
      </method>
      <method name="getNode" desc="()Ledu/hm/hafner/util/TreeString;" line="184">
        <counter type="INSTRUCTION" missed="0" covered="3"/>
        <counter type="LINE" missed="0" covered="1"/>
        <counter type="COMPLEXITY" missed="0" covered="1"/>
        <counter type="METHOD" missed="0" covered="1"/>
      </method>
      <counter type="INSTRUCTION" missed="0" covered="192"/>
      <counter type="BRANCH" missed="1" covered="17"/>
      <counter type="LINE" missed="0" covered="43"/>
      <counter type="COMPLEXITY" missed="1" covered="15"/>
      <counter type="METHOD" missed="0" covered="7"/>
      <counter type="CLASS" missed="0" covered="1"/>
    </class>
    <sourcefile name="TreeStringBuilder.java">
      <line nr="19" mi="0" ci="2" mb="0" cb="0"/>
      <line nr="20" mi="0" ci="9" mb="0" cb="0"/>
      <line nr="31" mi="0" ci="6" mb="0" cb="0"/>
      <line nr="43" mi="0" ci="7" mb="0" cb="0"/>
      <line nr="50" mi="0" ci="6" mb="0" cb="0"/>
      <line nr="51" mi="0" ci="1" mb="0" cb="0"/>
      <line nr="54" mi="0" ci="3" mb="0" cb="0"/>
      <line nr="57" mi="0" ci="3" mb="0" cb="0"/>
      <line nr="61" mi="3" ci="0" mb="0" cb="0"/>
      <line nr="62" mi="1" ci="0" mb="0" cb="0"/>
      <line nr="70" mi="0" ci="3" mb="0" cb="0"/>
      <line nr="72" mi="0" ci="2" mb="0" cb="0"/>
      <line nr="73" mi="0" ci="3" mb="0" cb="0"/>
      <line nr="74" mi="0" ci="1" mb="0" cb="0"/>
      <line nr="85" mi="0" ci="3" mb="0" cb="2"/>
      <line nr="86" mi="0" ci="2" mb="0" cb="0"/>
      <line nr="89" mi="0" ci="2" mb="0" cb="0"/>
      <line nr="90" mi="0" ci="12" mb="0" cb="2"/>
      <line nr="91" mi="0" ci="7" mb="0" cb="0"/>
      <line nr="92" mi="0" ci="2" mb="0" cb="2"/>
      <line nr="93" mi="0" ci="6" mb="0" cb="2"/>
      <line nr="95" mi="0" ci="4" mb="0" cb="0"/>
      <line nr="96" mi="0" ci="5" mb="0" cb="0"/>
      <line nr="97" mi="0" ci="4" mb="0" cb="0"/>
      <line nr="100" mi="0" ci="6" mb="0" cb="0"/>
      <line nr="101" mi="0" ci="6" mb="0" cb="0"/>
      <line nr="103" mi="0" ci="6" mb="0" cb="0"/>
      <line nr="106" mi="0" ci="8" mb="0" cb="0"/>
      <line nr="109" mi="0" ci="1" mb="0" cb="0"/>
      <line nr="112" mi="0" ci="6" mb="0" cb="0"/>
      <line nr="113" mi="0" ci="2" mb="1" cb="1"/>
      <line nr="114" mi="0" ci="10" mb="0" cb="0"/>
      <line nr="115" mi="0" ci="6" mb="0" cb="0"/>
      <line nr="117" mi="0" ci="2" mb="0" cb="0"/>
      <line nr="125" mi="0" ci="4" mb="0" cb="2"/>
      <line nr="126" mi="0" ci="5" mb="0" cb="0"/>
      <line nr="128" mi="0" ci="1" mb="0" cb="0"/>
      <line nr="140" mi="0" ci="7" mb="0" cb="0"/>
      <line nr="142" mi="0" ci="8" mb="0" cb="0"/>
      <line nr="143" mi="0" ci="2" mb="0" cb="0"/>
      <line nr="144" mi="0" ci="6" mb="0" cb="0"/>
      <line nr="146" mi="0" ci="2" mb="0" cb="0"/>
      <line nr="160" mi="0" ci="6" mb="0" cb="0"/>
      <line nr="162" mi="0" ci="7" mb="0" cb="2"/>
      <line nr="163" mi="0" ci="7" mb="0" cb="2"/>
      <line nr="164" mi="0" ci="2" mb="0" cb="0"/>
      <line nr="167" mi="0" ci="2" mb="0" cb="0"/>
      <line nr="177" mi="0" ci="4" mb="0" cb="0"/>
      <line nr="178" mi="0" ci="12" mb="0" cb="2"/>
      <line nr="179" mi="0" ci="3" mb="0" cb="0"/>
      <line nr="180" mi="0" ci="1" mb="0" cb="0"/>
      <line nr="181" mi="0" ci="1" mb="0" cb="0"/>
      <line nr="184" mi="0" ci="3" mb="0" cb="0"/>
      <counter type="INSTRUCTION" missed="4" covered="229"/>
      <counter type="BRANCH" missed="1" covered="17"/>
      <counter type="LINE" missed="2" covered="51"/>
      <counter type="COMPLEXITY" missed="2" covered="21"/>
      <counter type="METHOD" missed="1" covered="13"/>
      <counter type="CLASS" missed="0" covered="2"/>
    </sourcefile>
    <sourcefile name="NoSuchElementException.java">
      <line nr="36" mi="5" ci="0" mb="0" cb="0"/>
      <line nr="37" mi="1" ci="0" mb="0" cb="0"/>
      <counter type="INSTRUCTION" missed="6" covered="0"/>
      <counter type="LINE" missed="2" covered="0"/>
      <counter type="COMPLEXITY" missed="1" covered="0"/>
      <counter type="METHOD" missed="1" covered="0"/>
      <counter type="CLASS" missed="1" covered="0"/>
    </sourcefile>
    <counter type="INSTRUCTION" missed="8" covered="229"/>
    <counter type="BRANCH" missed="1" covered="17"/>
    <counter type="LINE" missed="4" covered="294"/>
    <counter type="COMPLEXITY" missed="3" covered="21"/>
    <counter type="METHOD" missed="2" covered="13"/>
    <counter type="CLASS" missed="1" covered="2"/>
  </package>
  <counter type="INSTRUCTION" missed="8" covered="229"/>
  <counter type="BRANCH" missed="1" covered="17"/>
  <counter type="LINE" missed="29" covered="294"/>
  <counter type="COMPLEXITY" missed="3" covered="21"/>
  <counter type="METHOD" missed="2" covered="13"/>
  <counter type="CLASS" missed="1" covered="2"/>
</report>