<?xml version="1.0" ?>
<coverage version="6.5.0" timestamp="1710545957568" lines-valid="83" lines-covered="33" line-rate="0.3976" branches-covered="0" branches-valid="0" branch-rate="0" complexity="0">
    <!-- Generated by coverage.py: https://coverage.readthedocs.io -->
    <!-- Based on https://raw.githubusercontent.com/cobertura/web/master/htdocs/xml/coverage-04.dtd -->
    <sources>
        <source>/home/jenkins/agent/workspace/some-project</source>
    </sources>
    <packages>
        <package name="src" line-rate="0.5938" branch-rate="0" complexity="0">
            <classes>
                <class name="__init__.py" filename="src/__init__.py" complexity="0" line-rate="0.9091" branch-rate="0">
                    <methods/>
                    <lines>
                        <line number="1" hits="1"/>
                        <line number="2" hits="1"/>
                        <line number="4" hits="1"/>
                        <line number="5" hits="1"/>
                        <line number="7" hits="1"/>
                        <line number="8" hits="0"/>
                        <line number="10" hits="1"/>
                        <line number="12" hits="1"/>
                        <line number="13" hits="1"/>
                        <line number="14" hits="1"/>
                        <line number="16" hits="1"/>
                    </lines>
                </class>
                <class name="trainer_udf.py" filename="src/file1.py" complexity="0" line-rate="0.4286" branch-rate="0">
                    <methods/>
                    <lines>
                        <line number="1" hits="1"/>
                        <line number="2" hits="1"/>
                        <line number="3" hits="1"/>
                        <line number="4" hits="1"/>
                        <line number="5" hits="1"/>
                        <line number="7" hits="1"/>
                        <line number="10" hits="1"/>
                        <line number="11" hits="1"/>
                        <line number="12" hits="0"/>
                        <line number="13" hits="0"/>
                        <line number="15" hits="1"/>
                        <line number="16" hits="0"/>
                        <line number="17" hits="0"/>
                        <line number="18" hits="0"/>
                        <line number="19" hits="0"/>
                        <line number="20" hits="0"/>
                        <line number="21" hits="0"/>
                        <line number="22" hits="0"/>
                        <line number="23" hits="0"/>
                        <line number="25" hits="0"/>
                        <line number="29" hits="0"/>
                    </lines>
                </class>
            </classes>
        </package>
        <package name="src.druid" line-rate="0.2745" branch-rate="0" complexity="0">
            <classes>
                <class name="__init__.py" filename="src/dir/__init__.py" complexity="0" line-rate="1" branch-rate="0">
                    <methods/>
                    <lines/>
                </class>
                <class name="druid_fetcher.py" filename="src/dir/file2.py" complexity="0" line-rate="0.2745" branch-rate="0">
                    <methods/>
                    <lines>
                        <line number="1" hits="1"/>
                        <line number="2" hits="1"/>
                        <line number="3" hits="1"/>
                        <line number="4" hits="1"/>
                        <line number="5" hits="1"/>
                        <line number="6" hits="1"/>
                        <line number="7" hits="1"/>
                        <line number="8" hits="1"/>
                        <line number="10" hits="1"/>
                        <line number="13" hits="1"/>
                        <line number="14" hits="1"/>
                        <line number="26" hits="0"/>
                        <line number="27" hits="0"/>
                        <line number="28" hits="0"/>
                        <line number="29" hits="0"/>
                        <line number="30" hits="0"/>
                        <line number="31" hits="0"/>
                        <line number="33" hits="1"/>
                        <line number="36" hits="0"/>
                        <line number="37" hits="0"/>
                        <line number="38" hits="0"/>
                        <line number="39" hits="0"/>
                        <line number="40" hits="0"/>
                        <line number="42" hits="0"/>
                        <line number="43" hits="0"/>
                        <line number="45" hits="0"/>
                        <line number="53" hits="0"/>
                        <line number="54" hits="0"/>
                        <line number="65" hits="0"/>
                        <line number="66" hits="0"/>
                        <line number="68" hits="0"/>
                        <line number="69" hits="0"/>
                        <line number="70" hits="0"/>
                        <line number="72" hits="0"/>
                        <line number="73" hits="0"/>
                        <line number="77" hits="0"/>
                        <line number="80" hits="0"/>
                        <line number="82" hits="0"/>
                        <line number="84" hits="1"/>
                        <line number="85" hits="1"/>
                        <line number="86" hits="0"/>
                        <line number="87" hits="0"/>
                        <line number="88" hits="0"/>
                        <line number="90" hits="0"/>
                        <line number="91" hits="0"/>
                        <line number="92" hits="0"/>
                        <line number="93" hits="0"/>
                        <line number="94" hits="0"/>
                        <line number="95" hits="0"/>
                        <line number="96" hits="0"/>
                        <line number="97" hits="0"/>
                    </lines>
                </class>
            </classes>
        </package>
    </packages>
</coverage>