<?xml version="1.0" encoding="UTF-8"?>
<coverage generated="1715805755763" clover="3.2.0">
    <project timestamp="1715805755763" name="All files">
        <metrics statements="69" coveredstatements="69" conditionals="14" coveredconditionals="14" methods="16" coveredmethods="16" elements="99" coveredelements="99" complexity="0" loc="69" ncloc="69" packages="1" files="3" classes="3"/>
        <file name="HelloWidget.jsx" path="/home/jenkins/agent/workspace/_1_deleteme-test-coverage-1_PR-1/src/js/widgets/hello/HelloWidget.jsx">
            <metrics statements="12" coveredstatements="12" conditionals="0" coveredconditionals="0" methods="5" coveredmethods="5"/>
            <line num="15" count="1" type="stmt"/>
            <line num="19" count="1" type="stmt"/>
            <line num="36" count="7" type="stmt"/>
            <line num="37" count="7" type="stmt"/>
            <line num="38" count="7" type="stmt"/>
            <line num="46" count="7" type="stmt"/>
            <line num="47" count="7" type="stmt"/>
            <line num="48" count="7" type="stmt"/>
            <line num="59" count="2" type="stmt"/>
            <line num="71" count="2" type="stmt"/>
            <line num="80" count="7" type="stmt"/>
            <line num="81" count="7" type="stmt"/>
        </file>
        <file name="HelpInfo.jsx" path="/home/jenkins/agent/workspace/_1_deleteme-test-coverage-1_PR-1/src/js/widgets/hello/HelpInfo.jsx">
            <metrics statements="15" coveredstatements="15" conditionals="0" coveredconditionals="0" methods="4" coveredmethods="4"/>
            <line num="7" count="1" type="stmt"/>
            <line num="12" count="1" type="stmt"/>
            <line num="16" count="1" type="stmt"/>
            <line num="24" count="1" type="stmt"/>
            <line num="29" count="1" type="stmt"/>
            <line num="36" count="1" type="stmt"/>
            <line num="37" count="49" type="stmt"/>
            <line num="41" count="1" type="stmt"/>
            <line num="55" count="1" type="stmt"/>
            <line num="56" count="14" type="stmt"/>
            <line num="59" count="2" type="stmt"/>
            <line num="64" count="1" type="stmt"/>
            <line num="78" count="1" type="stmt"/>
            <line num="79" count="7" type="stmt"/>
            <line num="150" count="1" type="stmt"/>
        </file>
        <file name="UserInfoForm.jsx" path="/home/jenkins/agent/workspace/_1_deleteme-test-coverage-1_PR-1/src/js/widgets/hello/UserInfoForm.jsx">
            <metrics statements="42" coveredstatements="42" conditionals="14" coveredconditionals="14" methods="7" coveredmethods="7"/>
            <line num="9" count="1" type="stmt"/>
            <line num="13" count="1" type="stmt"/>
            <line num="17" count="1" type="stmt"/>
            <line num="22" count="1" type="stmt"/>
            <line num="29" count="1" type="stmt"/>
            <line num="30" count="17" type="stmt"/>
            <line num="31" count="17" type="stmt"/>
            <line num="32" count="17" type="stmt"/>
            <line num="33" count="17" type="stmt"/>
            <line num="34" count="17" type="stmt"/>
            <line num="35" count="17" type="stmt"/>
            <line num="36" count="17" type="stmt"/>
            <line num="42" count="17" type="stmt"/>
            <line num="45" count="17" type="stmt"/>
            <line num="49" count="7" type="stmt"/>
            <line num="58" count="17" type="stmt"/>
            <line num="62" count="2" type="stmt"/>
            <line num="65" count="2" type="stmt"/>
            <line num="66" count="2" type="stmt"/>
            <line num="68" count="2" type="stmt"/>
            <line num="72" count="2" type="stmt"/>
            <line num="79" count="17" type="stmt"/>
            <line num="83" count="2" type="stmt"/>
            <line num="86" count="2" type="stmt"/>
            <line num="87" count="2" type="stmt"/>
            <line num="95" count="17" type="stmt"/>
            <line num="96" count="5" type="stmt"/>
            <line num="98" count="5" type="cond" truecount="2" falsecount="0"/>
            <line num="99" count="1" type="stmt"/>
            <line num="103" count="4" type="stmt"/>
            <line num="104" count="4" type="stmt"/>
            <line num="105" count="4" type="stmt"/>
            <line num="106" count="4" type="stmt"/>
            <line num="109" count="4" type="cond" truecount="4" falsecount="0"/>
            <line num="110" count="2" type="stmt"/>
            <line num="111" count="2" type="stmt"/>
            <line num="115" count="2" type="stmt"/>
            <line num="116" count="2" type="stmt"/>
            <line num="124" count="17" type="stmt"/>
            <line num="131" count="17" type="stmt"/>
            <line num="133" count="17" type="stmt"/>
            <line num="166" count="1" type="stmt"/>
        </file>
    </project>
</coverage>